<?xml version="1.0" encoding="UTF-8"?>
<testsuite name="org.lenskit.mooc.cbf.WeightedUserProfileBuilderTest" tests="3" skipped="0" failures="0" errors="0" timestamp="2020-09-21T20:26:16" hostname="DESKTOP-QFGDPDI" time="0.063">
  <properties/>
  <testcase name="testEmptyModel" classname="org.lenskit.mooc.cbf.WeightedUserProfileBuilderTest" time="0.015"/>
  <testcase name="testTwoItemVector" classname="org.lenskit.mooc.cbf.WeightedUserProfileBuilderTest" time="0.01"/>
  <testcase name="testSingleItemVector" classname="org.lenskit.mooc.cbf.WeightedUserProfileBuilderTest" time="0.037"/>
  <system-out><![CDATA[21:26:16.126 [Test worker] INFO  o.l.data.dao.file.StaticDataSource - deriving entity type EntityType[item] from EntityType[item-tag] (column TypedName[item: long])
21:26:16.126 [Test worker] INFO  o.l.data.dao.file.StaticDataSource - deriving entity type EntityType[user] from EntityType[item-tag] (column TypedName[user: long])
21:26:16.126 [Test worker] INFO  o.l.data.dao.file.StaticDataSource - deriving entity type EntityType[item] from EntityType[item-tag] (column TypedName[item: long])
21:26:16.126 [Test worker] DEBUG o.l.d.e.EntityCollectionBuilder - built collection of 3 entities with type EntityType[item] and 2 indexes
21:26:16.126 [Test worker] DEBUG o.l.d.e.EntityCollectionBuilder - built collection of 4 entities with type EntityType[item-tag] and 2 indexes
21:26:16.134 [Test worker] DEBUG o.l.d.e.EntityCollectionBuilder - built collection of 0 entities with type EntityType[user] and 2 indexes
21:26:16.134 [Test worker] INFO  o.l.mooc.cbf.TFIDFModelProvider - Building TF-IDF model
21:26:16.134 [Test worker] INFO  o.l.mooc.cbf.TFIDFModelProvider - Computed TF vectors for 3 items
21:26:16.134 [Test worker] INFO  o.l.data.dao.file.StaticDataSource - deriving entity type EntityType[item] from EntityType[item-tag] (column TypedName[item: long])
21:26:16.134 [Test worker] INFO  o.l.data.dao.file.StaticDataSource - deriving entity type EntityType[user] from EntityType[item-tag] (column TypedName[user: long])
21:26:16.142 [Test worker] INFO  o.l.data.dao.file.StaticDataSource - deriving entity type EntityType[item] from EntityType[item-tag] (column TypedName[item: long])
21:26:16.142 [Test worker] DEBUG o.l.d.e.EntityCollectionBuilder - built collection of 3 entities with type EntityType[item] and 2 indexes
21:26:16.142 [Test worker] DEBUG o.l.d.e.EntityCollectionBuilder - built collection of 4 entities with type EntityType[item-tag] and 2 indexes
21:26:16.142 [Test worker] DEBUG o.l.d.e.EntityCollectionBuilder - built collection of 0 entities with type EntityType[user] and 2 indexes
21:26:16.142 [Test worker] INFO  o.l.mooc.cbf.TFIDFModelProvider - Building TF-IDF model
21:26:16.142 [Test worker] INFO  o.l.mooc.cbf.TFIDFModelProvider - Computed TF vectors for 3 items
21:26:16.150 [Test worker] INFO  o.l.data.dao.file.StaticDataSource - deriving entity type EntityType[item] from EntityType[item-tag] (column TypedName[item: long])
21:26:16.150 [Test worker] INFO  o.l.data.dao.file.StaticDataSource - deriving entity type EntityType[user] from EntityType[item-tag] (column TypedName[user: long])
21:26:16.150 [Test worker] INFO  o.l.data.dao.file.StaticDataSource - deriving entity type EntityType[item] from EntityType[item-tag] (column TypedName[item: long])
21:26:16.150 [Test worker] DEBUG o.l.d.e.EntityCollectionBuilder - built collection of 3 entities with type EntityType[item] and 2 indexes
21:26:16.158 [Test worker] DEBUG o.l.d.e.EntityCollectionBuilder - built collection of 4 entities with type EntityType[item-tag] and 2 indexes
21:26:16.158 [Test worker] DEBUG o.l.d.e.EntityCollectionBuilder - built collection of 0 entities with type EntityType[user] and 2 indexes
21:26:16.158 [Test worker] INFO  o.l.mooc.cbf.TFIDFModelProvider - Building TF-IDF model
21:26:16.174 [Test worker] INFO  o.l.mooc.cbf.TFIDFModelProvider - Computed TF vectors for 3 items
]]></system-out>
  <system-err><![CDATA[]]></system-err>
</testsuite>
