<?xml version="1.0" encoding="UTF-8"?>
<testsuite name="org.lenskit.mooc.cbf.TFIDFModelProviderTest" tests="3" skipped="0" failures="0" errors="0" timestamp="2020-09-21T20:26:15" hostname="DESKTOP-QFGDPDI" time="0.797">
  <properties/>
  <testcase name="testItemThree" classname="org.lenskit.mooc.cbf.TFIDFModelProviderTest" time="0.722"/>
  <testcase name="testItemOne" classname="org.lenskit.mooc.cbf.TFIDFModelProviderTest" time="0.035"/>
  <testcase name="testItemTwo" classname="org.lenskit.mooc.cbf.TFIDFModelProviderTest" time="0.03"/>
  <system-out><![CDATA[21:26:15.782 [Test worker] INFO  o.l.data.dao.file.StaticDataSource - deriving entity type EntityType[item] from EntityType[item-tag] (column TypedName[item: long])
21:26:15.790 [Test worker] INFO  o.l.data.dao.file.StaticDataSource - deriving entity type EntityType[user] from EntityType[item-tag] (column TypedName[user: long])
21:26:15.790 [Test worker] INFO  o.l.data.dao.file.StaticDataSource - deriving entity type EntityType[item] from EntityType[item-tag] (column TypedName[item: long])
21:26:15.798 [Test worker] DEBUG o.l.d.e.EntityCollectionBuilder - built collection of 3 entities with type EntityType[item] and 2 indexes
21:26:15.806 [Test worker] DEBUG o.l.d.e.EntityCollectionBuilder - built collection of 4 entities with type EntityType[item-tag] and 2 indexes
21:26:15.806 [Test worker] DEBUG o.l.d.e.EntityCollectionBuilder - built collection of 0 entities with type EntityType[user] and 2 indexes
21:26:15.814 [Test worker] INFO  o.l.mooc.cbf.TFIDFModelProvider - Building TF-IDF model
21:26:15.830 [Test worker] INFO  o.l.mooc.cbf.TFIDFModelProvider - Computed TF vectors for 3 items
21:26:15.878 [Test worker] INFO  o.l.data.dao.file.StaticDataSource - deriving entity type EntityType[item] from EntityType[item-tag] (column TypedName[item: long])
21:26:15.878 [Test worker] INFO  o.l.data.dao.file.StaticDataSource - deriving entity type EntityType[user] from EntityType[item-tag] (column TypedName[user: long])
21:26:15.878 [Test worker] INFO  o.l.data.dao.file.StaticDataSource - deriving entity type EntityType[item] from EntityType[item-tag] (column TypedName[item: long])
21:26:15.878 [Test worker] DEBUG o.l.d.e.EntityCollectionBuilder - built collection of 3 entities with type EntityType[item] and 2 indexes
21:26:15.878 [Test worker] DEBUG o.l.d.e.EntityCollectionBuilder - built collection of 4 entities with type EntityType[item-tag] and 2 indexes
21:26:15.886 [Test worker] DEBUG o.l.d.e.EntityCollectionBuilder - built collection of 0 entities with type EntityType[user] and 2 indexes
21:26:15.886 [Test worker] INFO  o.l.mooc.cbf.TFIDFModelProvider - Building TF-IDF model
21:26:15.886 [Test worker] INFO  o.l.mooc.cbf.TFIDFModelProvider - Computed TF vectors for 3 items
21:26:15.902 [Test worker] INFO  o.l.data.dao.file.StaticDataSource - deriving entity type EntityType[item] from EntityType[item-tag] (column TypedName[item: long])
21:26:15.902 [Test worker] INFO  o.l.data.dao.file.StaticDataSource - deriving entity type EntityType[user] from EntityType[item-tag] (column TypedName[user: long])
21:26:15.902 [Test worker] INFO  o.l.data.dao.file.StaticDataSource - deriving entity type EntityType[item] from EntityType[item-tag] (column TypedName[item: long])
21:26:15.902 [Test worker] DEBUG o.l.d.e.EntityCollectionBuilder - built collection of 3 entities with type EntityType[item] and 2 indexes
21:26:15.902 [Test worker] DEBUG o.l.d.e.EntityCollectionBuilder - built collection of 4 entities with type EntityType[item-tag] and 2 indexes
21:26:15.910 [Test worker] DEBUG o.l.d.e.EntityCollectionBuilder - built collection of 0 entities with type EntityType[user] and 2 indexes
21:26:15.910 [Test worker] INFO  o.l.mooc.cbf.TFIDFModelProvider - Building TF-IDF model
21:26:15.910 [Test worker] INFO  o.l.mooc.cbf.TFIDFModelProvider - Computed TF vectors for 3 items
]]></system-out>
  <system-err><![CDATA[]]></system-err>
</testsuite>
